<?xml version="1.0" encoding="UTF-8"?>
<testsuite xmlns:xsi="http://www.w3.org/2001/XMLSchema-instance" xsi:noNamespaceSchemaLocation="https://maven.apache.org/surefire/maven-surefire-plugin/xsd/surefire-test-report-3.0.xsd" version="3.0" name="org.visionFive.services.TodoListServiceImplTest" time="12.52" tests="11" errors="0" skipped="0" failures="0">
  <properties>
[...]
</properties>
  <testcase name="loginWithWrongPasswordThrowException" classname="org.visionFive.services.TodoListServiceImplTest" time="2.818">
    <system-out><![CDATA[13:50:55.711 [main] INFO org.springframework.test.context.support.AnnotationConfigContextLoaderUtils -- Could not detect default configuration classes for test class [org.visionFive.services.TodoListServiceImplTest]: TodoListServiceImplTest does not declare any static, non-private, non-final, nested classes annotated with @Configuration.
13:50:56.045 [main] INFO org.springframework.boot.test.context.SpringBootTestContextBootstrapper -- Found @SpringBootConfiguration org.visionFive.Main for test class org.visionFive.services.TodoListServiceImplTest

  .   ____          _            __ _ _
 /\\ / ___'_ __ _ _(_)_ __  __ _ \ \ \ \
( ( )\___ | '_ | '_| | '_ \/ _` | \ \ \ \
 \\/  ___)| |_)| | | | | || (_| |  ) ) ) )
  '  |____| .__|_| |_|_| |_\__, | / / / /
 =========|_|==============|___/=/_/_/_/
 :: Spring Boot ::                (v3.2.0)

2024-01-01T13:50:57.063+01:00  INFO 16600 --- [           main] o.v.services.TodoListServiceImplTest     : Starting TodoListServiceImplTest using Java 20.0.2 with PID 16600 (started by Dell in C:\Users\Dell\IdeaProjects\todoList)
2024-01-01T13:50:57.066+01:00  INFO 16600 --- [           main] o.v.services.TodoListServiceImplTest     : No active profile set, falling back to 1 default profile: "default"
2024-01-01T13:50:59.062+01:00  INFO 16600 --- [           main] .s.d.r.c.RepositoryConfigurationDelegate : Bootstrapping Spring Data MongoDB repositories in DEFAULT mode.
2024-01-01T13:50:59.401+01:00  INFO 16600 --- [           main] .s.d.r.c.RepositoryConfigurationDelegate : Finished Spring Data repository scanning in 321 ms. Found 2 MongoDB repository interfaces.
2024-01-01T13:51:00.759+01:00  INFO 16600 --- [           main] org.mongodb.driver.client                : MongoClient with metadata {"driver": {"name": "mongo-java-driver|sync|spring-boot", "version": "4.11.1"}, "os": {"type": "Windows", "name": "Windows 11", "architecture": "amd64", "version": "10.0"}, "platform": "Java/Oracle Corporation/20.0.2+9-78"} created with settings MongoClientSettings{readPreference=primary, writeConcern=WriteConcern{w=null, wTimeout=null ms, journal=null}, retryWrites=true, retryReads=true, readConcern=ReadConcern{level=null}, credential=null, transportSettings=null, streamFactoryFactory=null, commandListeners=[], codecRegistry=ProvidersCodecRegistry{codecProviders=[ValueCodecProvider{}, BsonValueCodecProvider{}, DBRefCodecProvider{}, DBObjectCodecProvider{}, DocumentCodecProvider{}, CollectionCodecProvider{}, IterableCodecProvider{}, MapCodecProvider{}, GeoJsonCodecProvider{}, GridFSFileCodecProvider{}, Jsr310CodecProvider{}, JsonObjectCodecProvider{}, BsonCodecProvider{}, EnumCodecProvider{}, com.mongodb.client.model.mql.ExpressionCodecProvider@43c57161, com.mongodb.Jep395RecordCodecProvider@d902300, com.mongodb.KotlinCodecProvider@2db33feb]}, loggerSettings=LoggerSettings{maxDocumentLength=1000}, clusterSettings={hosts=[localhost:27017], srvServiceName=mongodb, mode=SINGLE, requiredClusterType=UNKNOWN, requiredReplicaSetName='null', serverSelector='null', clusterListeners='[]', serverSelectionTimeout='30000 ms', localThreshold='15 ms'}, socketSettings=SocketSettings{connectTimeoutMS=10000, readTimeoutMS=0, receiveBufferSize=0, proxySettings=ProxySettings{host=null, port=null, username=null, password=null}}, heartbeatSocketSettings=SocketSettings{connectTimeoutMS=10000, readTimeoutMS=10000, receiveBufferSize=0, proxySettings=ProxySettings{host=null, port=null, username=null, password=null}}, connectionPoolSettings=ConnectionPoolSettings{maxSize=100, minSize=0, maxWaitTimeMS=120000, maxConnectionLifeTimeMS=0, maxConnectionIdleTimeMS=0, maintenanceInitialDelayMS=0, maintenanceFrequencyMS=60000, connectionPoolListeners=[], maxConnecting=2}, serverSettings=ServerSettings{heartbeatFrequencyMS=10000, minHeartbeatFrequencyMS=500, serverListeners='[]', serverMonitorListeners='[]'}, sslSettings=SslSettings{enabled=false, invalidHostNameAllowed=false, context=null}, applicationName='null', compressorList=[], uuidRepresentation=JAVA_LEGACY, serverApi=null, autoEncryptionSettings=null, dnsClient=null, inetAddressResolver=null, contextProvider=null}
2024-01-01T13:51:00.837+01:00  INFO 16600 --- [localhost:27017] org.mongodb.driver.cluster               : Monitor thread successfully connected to server with description ServerDescription{address=localhost:27017, type=STANDALONE, state=CONNECTED, ok=true, minWireVersion=0, maxWireVersion=21, maxDocumentSize=16777216, logicalSessionTimeoutMinutes=30, roundTripTimeNanos=65487800}
2024-01-01T13:51:03.457+01:00  INFO 16600 --- [           main] o.v.services.TodoListServiceImplTest     : Started TodoListServiceImplTest in 7.005 seconds (process running for 9.717)
]]></system-out>
  </testcase>
  <testcase name="testThatWhenICreateTwoTaskICanDeleteOne" classname="org.visionFive.services.TodoListServiceImplTest" time="0.179"/>
  <testcase name="registerTest" classname="org.visionFive.services.TodoListServiceImplTest" time="0.071"/>
  <testcase name="createTodoForPhilipAndDelightedFindAllTodoForPhilip" classname="org.visionFive.services.TodoListServiceImplTest" time="0.224"/>
  <testcase name="findAllTaskForThisToday" classname="org.visionFive.services.TodoListServiceImplTest" time="0.107"/>
  <testcase name="viewAParticularTaskForPhilipTest" classname="org.visionFive.services.TodoListServiceImplTest" time="0.143"/>
  <testcase name="testThatWhenICreateTaskICanDeleteTask" classname="org.visionFive.services.TodoListServiceImplTest" time="0.206"/>
  <testcase name="testThaWhenICreateATaskICanUpdateTheTaskMessage" classname="org.visionFive.services.TodoListServiceImplTest" time="0.152">
    <system-out><![CDATA[2023-12-18
]]></system-out>
  </testcase>
  <testcase name="loginInWithWrongUsernameThrowException" classname="org.visionFive.services.TodoListServiceImplTest" time="0.069"/>
  <testcase name="testThatWhenICreteATodoCountIncreaseByOne" classname="org.visionFive.services.TodoListServiceImplTest" time="0.122"/>
  <testcase name="testThatWhenICreateATaskAndSetADueDateICanUpdateTheDueDate" classname="org.visionFive.services.TodoListServiceImplTest" time="0.184"/>
</testsuite>